--- 命令帮助列表 ---
st:                 设置命令行标题          title
devrl:              登陆开发机                
pac_ngxix:          启动nginx               proxy|direct
mysqld_safe:        安全启动msql        
mysqladmin:         登陆admin用户        
mysql:              直接启动mysql             
switch_go:          切换go版本              byted|global|global.13|global.14
gitv:               打开Sourcetree             
gitg:               完整命令行打印版本树       
gitall:             版本关系命令行树         
gitsource:          设置版本追踪远程      
gitclean:           批量删除本地已合并分支 
dev_go:             开发机到特定开发目录    logs|api|common|api_common|idl|api_feed|bs_main|bs_user
py:                 Python执行                   
print_dev:          打印开发机用户信息    
goto:               去到某个工作目录        source|video|home|doc|soft|script|nginx|worklog
goprj:              去到某个项目目录        ebtools|ascript
gocmd:              去到某个命令的目录      cmd
cdd:                带有访问记录的cd        path
cdn:                访问指定位置记录        number
cdp:                显示访问记录                
cdr:                相对于开发Home目录跳转  relative_path
gitlog:             普通方式展示git日志      
ip:                 打印IP列表                   
..n:                像父目录跳转            1
zlist:              常用内置命令列表
flist:              个人添加命令列表
vlist:              打印所有个人环境参数
clist:              打印所有命令
ki:                 kinit
devrl:              登陆远程机器
go_update_dep_to:   将本项目的最新版本号更新到目标项目的依赖
go_update_dep:      更新本项目的某个依赖为本地最新的提交
